# JRE version: Java(TM) SE Runtime Environment 18.9 (11.0.8+10) (build 11.0.8+10-LTS)
# Java VM: Java HotSpot(TM) 64-Bit Server VM 18.9 (11.0.8+10-LTS, mixed mode, tiered, compressed oops, g1 gc, windows-amd64)
Heap:
 garbage-first heap   total 393216K, used 37252K [0x0000000701600000, 0x0000000800000000)
  region size 1024K, 10 young (10240K), 10 survivors (10240K)
 Metaspace       used 59467K, capacity 60290K, committed 60420K, reserved 1101824K
  class space    used 7699K, capacity 8015K, committed 8116K, reserved 1048576K
GC Heap History (10 events):
Event: 1.945 GC heap after
{Heap after GC invocations=5 (full 0):
 garbage-first heap   total 262144K, used 10685K [0x0000000701600000, 0x0000000800000000)
  region size 1024K, 6 young (6144K), 6 survivors (6144K)
 Metaspace       used 26275K, capacity 26889K, committed 27184K, reserved 1073152K
  class space    used 3122K, capacity 3360K, committed 3456K, reserved 1048576K
}
Event: 3.043 GC heap before
{Heap before GC invocations=5 (full 0):
 garbage-first heap   total 262144K, used 97725K [0x0000000701600000, 0x0000000800000000)
  region size 1024K, 92 young (94208K), 6 survivors (6144K)
 Metaspace       used 34107K, capacity 34881K, committed 35120K, reserved 1079296K
  class space    used 4190K, capacity 4471K, committed 4480K, reserved 1048576K
}
Event: 3.059 GC heap after
{Heap after GC invocations=6 (full 0):
 garbage-first heap   total 315392K, used 18478K [0x0000000701600000, 0x0000000800000000)
  region size 1024K, 12 young (12288K), 12 survivors (12288K)
 Metaspace       used 34107K, capacity 34881K, committed 35120K, reserved 1079296K
  class space    used 4190K, capacity 4471K, committed 4480K, reserved 1048576K
}
Event: 3.372 GC heap before
{Heap before GC invocations=6 (full 0):
 garbage-first heap   total 315392K, used 52270K [0x0000000701600000, 0x0000000800000000)
  region size 1024K, 47 young (48128K), 12 survivors (12288K)
 Metaspace       used 35168K, capacity 35847K, committed 35920K, reserved 1081344K
  class space    used 4341K, capacity 4600K, committed 4608K, reserved 1048576K
}
Event: 3.389 GC heap after
{Heap after GC invocations=7 (full 0):
 garbage-first heap   total 315392K, used 21092K [0x0000000701600000, 0x0000000800000000)
  region size 1024K, 10 young (10240K), 10 survivors (10240K)
 Metaspace       used 35168K, capacity 35847K, committed 35920K, reserved 1081344K
  class space    used 4341K, capacity 4600K, committed 4608K, reserved 1048576K
}
Event: 4.169 GC heap before
{Heap before GC invocations=8 (full 0):
 garbage-first heap   total 315392K, used 96868K [0x0000000701600000, 0x0000000800000000)
  region size 1024K, 85 young (87040K), 10 survivors (10240K)
 Metaspace       used 43960K, capacity 44743K, committed 45084K, reserved 1089536K
  class space    used 5468K, capacity 5743K, committed 5836K, reserved 1048576K
}
Event: 4.184 GC heap after
{Heap after GC invocations=9 (full 0):
 garbage-first heap   total 315392K, used 27826K [0x0000000701600000, 0x0000000800000000)
  region size 1024K, 9 young (9216K), 9 survivors (9216K)
 Metaspace       used 43960K, capacity 44743K, committed 45084K, reserved 1089536K
  class space    used 5468K, capacity 5743K, committed 5836K, reserved 1048576K
}
Event: 5.920 GC heap before
{Heap before GC invocations=9 (full 0):
 garbage-first heap   total 315392K, used 141490K [0x0000000701600000, 0x0000000800000000)
  region size 1024K, 120 young (122880K), 9 survivors (9216K)
 Metaspace       used 56161K, capacity 56980K, committed 57116K, reserved 1099776K
  class space    used 7262K, capacity 7554K, committed 7628K, reserved 1048576K
}
Event: 5.937 GC heap after
{Heap after GC invocations=10 (full 0):
 garbage-first heap   total 315392K, used 33792K [0x0000000701600000, 0x0000000800000000)
  region size 1024K, 13 young (13312K), 13 survivors (13312K)
 Metaspace       used 56161K, capacity 56980K, committed 57116K, reserved 1099776K
  class space    used 7262K, capacity 7554K, committed 7628K, reserved 1048576K
}
Event: 21.142 GC heap before
{Heap before GC invocations=10 (full 0):
 garbage-first heap   total 315392K, used 117760K [0x0000000701600000, 0x0000000800000000)
  region size 1024K, 96 young (98304K), 13 survivors (13312K)
 Metaspace       used 59467K, capacity 60290K, committed 60420K, reserved 1101824K
  class space    used 7699K, capacity 8015K, committed 8116K, reserved 1048576K
}

